running egg_info
writing ../../build/limo_ros2_application/limo_ros2_application.egg-info/PKG-INFO
writing dependency_links to ../../build/limo_ros2_application/limo_ros2_application.egg-info/dependency_links.txt
writing entry points to ../../build/limo_ros2_application/limo_ros2_application.egg-info/entry_points.txt
writing requirements to ../../build/limo_ros2_application/limo_ros2_application.egg-info/requires.txt
writing top-level names to ../../build/limo_ros2_application/limo_ros2_application.egg-info/top_level.txt
reading manifest file '../../build/limo_ros2_application/limo_ros2_application.egg-info/SOURCES.txt'
writing manifest file '../../build/limo_ros2_application/limo_ros2_application.egg-info/SOURCES.txt'
running build
running build_py
copying limo_ros2_application/drive_through_pose.py -> /home/wego/wego_prac/build/limo_ros2_application/build/lib/limo_ros2_application
copying limo_ros2_application/nav_utils.py -> /home/wego/wego_prac/build/limo_ros2_application/build/lib/limo_ros2_application
copying limo_ros2_application/move_to_pose.py -> /home/wego/wego_prac/build/limo_ros2_application/build/lib/limo_ros2_application
copying limo_ros2_application/lets_take_a_picture.py -> /home/wego/wego_prac/build/limo_ros2_application/build/lib/limo_ros2_application
copying limo_ros2_application/__init__.py -> /home/wego/wego_prac/build/limo_ros2_application/build/lib/limo_ros2_application
copying limo_ros2_application/patrol_limo.py -> /home/wego/wego_prac/build/limo_ros2_application/build/lib/limo_ros2_application
copying limo_ros2_application/detect_line.py -> /home/wego/wego_prac/build/limo_ros2_application/build/lib/limo_ros2_application
copying limo_ros2_application/move_limo.py -> /home/wego/wego_prac/build/limo_ros2_application/build/lib/limo_ros2_application
copying limo_ros2_application/limo_control.py -> /home/wego/wego_prac/build/limo_ros2_application/build/lib/limo_ros2_application
copying limo_ros2_application/rotate_absolue.py -> /home/wego/wego_prac/build/limo_ros2_application/build/lib/limo_ros2_application
copying limo_ros2_application/detect_hump.py -> /home/wego/wego_prac/build/limo_ros2_application/build/lib/limo_ros2_application
copying limo_ros2_application/detect_object.py -> /home/wego/wego_prac/build/limo_ros2_application/build/lib/limo_ros2_application
copying limo_ros2_application/limo_e_stop.py -> /home/wego/wego_prac/build/limo_ros2_application/build/lib/limo_ros2_application
copying limo_ros2_application/dl_detect_line.py -> /home/wego/wego_prac/build/limo_ros2_application/build/lib/limo_ros2_application
running install
running install_lib
copying /home/wego/wego_prac/build/limo_ros2_application/build/lib/limo_ros2_application/move_to_pose.py -> /home/wego/wego_prac/install/limo_ros2_application/lib/python3.10/site-packages/limo_ros2_application
byte-compiling /home/wego/wego_prac/install/limo_ros2_application/lib/python3.10/site-packages/limo_ros2_application/move_to_pose.py to move_to_pose.cpython-310.pyc
running install_data
copying package.xml -> /home/wego/wego_prac/install/limo_ros2_application/share/limo_ros2_application
copying launch/move_to_pose_launch.py -> /home/wego/wego_prac/install/limo_ros2_application/share/limo_ros2_application/launch
copying launch/track_application_launch.py -> /home/wego/wego_prac/install/limo_ros2_application/share/limo_ros2_application/launch
copying params/detect_line.yaml -> /home/wego/wego_prac/install/limo_ros2_application/share/limo_ros2_application/params
copying params/move_to_pose.yaml -> /home/wego/wego_prac/install/limo_ros2_application/share/limo_ros2_application/params
copying params/limo_control.yaml -> /home/wego/wego_prac/install/limo_ros2_application/share/limo_ros2_application/params
copying weight/dl_drive.h5 -> /home/wego/wego_prac/install/limo_ros2_application/share/limo_ros2_application/weight
copying rviz/move_to_pose.rviz -> /home/wego/wego_prac/install/limo_ros2_application/share/limo_ros2_application/rviz
running install_egg_info
removing '/home/wego/wego_prac/install/limo_ros2_application/lib/python3.10/site-packages/limo_ros2_application-0.0.0-py3.10.egg-info' (and everything under it)
Copying ../../build/limo_ros2_application/limo_ros2_application.egg-info to /home/wego/wego_prac/install/limo_ros2_application/lib/python3.10/site-packages/limo_ros2_application-0.0.0-py3.10.egg-info
running install_scripts
Installing detect_line script to /home/wego/wego_prac/install/limo_ros2_application/lib/limo_ros2_application
Installing detect_object script to /home/wego/wego_prac/install/limo_ros2_application/lib/limo_ros2_application
Installing dl_detect_line script to /home/wego/wego_prac/install/limo_ros2_application/lib/limo_ros2_application
Installing drive_through_pose script to /home/wego/wego_prac/install/limo_ros2_application/lib/limo_ros2_application
Installing lets_take_a_picture script to /home/wego/wego_prac/install/limo_ros2_application/lib/limo_ros2_application
Installing limo_control script to /home/wego/wego_prac/install/limo_ros2_application/lib/limo_ros2_application
Installing limo_e_stop script to /home/wego/wego_prac/install/limo_ros2_application/lib/limo_ros2_application
Installing move_limo script to /home/wego/wego_prac/install/limo_ros2_application/lib/limo_ros2_application
Installing move_to_pose script to /home/wego/wego_prac/install/limo_ros2_application/lib/limo_ros2_application
Installing patrol_limo script to /home/wego/wego_prac/install/limo_ros2_application/lib/limo_ros2_application
Installing rotate_absolute script to /home/wego/wego_prac/install/limo_ros2_application/lib/limo_ros2_application
writing list of installed files to '/home/wego/wego_prac/build/limo_ros2_application/install.log'
