[1.989s] Invoking command in '/home/wego/wego_prac/src/limo_ros2_application': PYTHONPATH=/home/wego/wego_prac/build/limo_ros2_application/prefix_override:/usr/lib/python3/dist-packages/colcon_core/task/python/colcon_distutils_commands:/home/wego/wego_prac/install/limo_ros2_application/lib/python3.10/site-packages:${PYTHONPATH} /usr/bin/python3 -W ignore:setup.py install is deprecated -W ignore:easy_install command is deprecated setup.py egg_info --egg-base ../../build/limo_ros2_application build --build-base /home/wego/wego_prac/build/limo_ros2_application/build install --record /home/wego/wego_prac/build/limo_ros2_application/install.log --single-version-externally-managed install_data
[2.640s] running egg_info
[2.641s] creating ../../build/limo_ros2_application/limo_ros2_application.egg-info
[2.686s] writing ../../build/limo_ros2_application/limo_ros2_application.egg-info/PKG-INFO
[2.687s] writing dependency_links to ../../build/limo_ros2_application/limo_ros2_application.egg-info/dependency_links.txt
[2.688s] writing entry points to ../../build/limo_ros2_application/limo_ros2_application.egg-info/entry_points.txt
[2.688s] writing requirements to ../../build/limo_ros2_application/limo_ros2_application.egg-info/requires.txt
[2.688s] writing top-level names to ../../build/limo_ros2_application/limo_ros2_application.egg-info/top_level.txt
[2.688s] writing manifest file '../../build/limo_ros2_application/limo_ros2_application.egg-info/SOURCES.txt'
[2.777s] reading manifest file '../../build/limo_ros2_application/limo_ros2_application.egg-info/SOURCES.txt'
[2.779s] writing manifest file '../../build/limo_ros2_application/limo_ros2_application.egg-info/SOURCES.txt'
[2.780s] running build
[2.780s] running build_py
[2.781s] creating /home/wego/wego_prac/build/limo_ros2_application/build
[2.781s] creating /home/wego/wego_prac/build/limo_ros2_application/build/lib
[2.781s] creating /home/wego/wego_prac/build/limo_ros2_application/build/lib/limo_ros2_application
[2.781s] copying limo_ros2_application/drive_through_pose.py -> /home/wego/wego_prac/build/limo_ros2_application/build/lib/limo_ros2_application
[2.787s] copying limo_ros2_application/nav_utils.py -> /home/wego/wego_prac/build/limo_ros2_application/build/lib/limo_ros2_application
[2.788s] copying limo_ros2_application/move_to_pose.py -> /home/wego/wego_prac/build/limo_ros2_application/build/lib/limo_ros2_application
[2.788s] copying limo_ros2_application/lets_take_a_picture.py -> /home/wego/wego_prac/build/limo_ros2_application/build/lib/limo_ros2_application
[2.789s] copying limo_ros2_application/__init__.py -> /home/wego/wego_prac/build/limo_ros2_application/build/lib/limo_ros2_application
[2.789s] copying limo_ros2_application/patrol_limo.py -> /home/wego/wego_prac/build/limo_ros2_application/build/lib/limo_ros2_application
[2.789s] copying limo_ros2_application/detect_line.py -> /home/wego/wego_prac/build/limo_ros2_application/build/lib/limo_ros2_application
[2.789s] copying limo_ros2_application/move_limo.py -> /home/wego/wego_prac/build/limo_ros2_application/build/lib/limo_ros2_application
[2.790s] copying limo_ros2_application/limo_control.py -> /home/wego/wego_prac/build/limo_ros2_application/build/lib/limo_ros2_application
[2.790s] copying limo_ros2_application/rotate_absolue.py -> /home/wego/wego_prac/build/limo_ros2_application/build/lib/limo_ros2_application
[2.791s] copying limo_ros2_application/detect_hump.py -> /home/wego/wego_prac/build/limo_ros2_application/build/lib/limo_ros2_application
[2.791s] copying limo_ros2_application/detect_object.py -> /home/wego/wego_prac/build/limo_ros2_application/build/lib/limo_ros2_application
[2.792s] copying limo_ros2_application/limo_e_stop.py -> /home/wego/wego_prac/build/limo_ros2_application/build/lib/limo_ros2_application
[2.792s] copying limo_ros2_application/dl_detect_line.py -> /home/wego/wego_prac/build/limo_ros2_application/build/lib/limo_ros2_application
[2.793s] running install
[2.803s] running install_lib
[2.846s] creating /home/wego/wego_prac/install/limo_ros2_application/lib/python3.10/site-packages/limo_ros2_application
[2.846s] copying /home/wego/wego_prac/build/limo_ros2_application/build/lib/limo_ros2_application/drive_through_pose.py -> /home/wego/wego_prac/install/limo_ros2_application/lib/python3.10/site-packages/limo_ros2_application
[2.846s] copying /home/wego/wego_prac/build/limo_ros2_application/build/lib/limo_ros2_application/nav_utils.py -> /home/wego/wego_prac/install/limo_ros2_application/lib/python3.10/site-packages/limo_ros2_application
[2.846s] copying /home/wego/wego_prac/build/limo_ros2_application/build/lib/limo_ros2_application/move_to_pose.py -> /home/wego/wego_prac/install/limo_ros2_application/lib/python3.10/site-packages/limo_ros2_application
[2.847s] copying /home/wego/wego_prac/build/limo_ros2_application/build/lib/limo_ros2_application/lets_take_a_picture.py -> /home/wego/wego_prac/install/limo_ros2_application/lib/python3.10/site-packages/limo_ros2_application
[2.847s] copying /home/wego/wego_prac/build/limo_ros2_application/build/lib/limo_ros2_application/__init__.py -> /home/wego/wego_prac/install/limo_ros2_application/lib/python3.10/site-packages/limo_ros2_application
[2.847s] copying /home/wego/wego_prac/build/limo_ros2_application/build/lib/limo_ros2_application/patrol_limo.py -> /home/wego/wego_prac/install/limo_ros2_application/lib/python3.10/site-packages/limo_ros2_application
[2.847s] copying /home/wego/wego_prac/build/limo_ros2_application/build/lib/limo_ros2_application/detect_line.py -> /home/wego/wego_prac/install/limo_ros2_application/lib/python3.10/site-packages/limo_ros2_application
[2.848s] copying /home/wego/wego_prac/build/limo_ros2_application/build/lib/limo_ros2_application/move_limo.py -> /home/wego/wego_prac/install/limo_ros2_application/lib/python3.10/site-packages/limo_ros2_application
[2.849s] copying /home/wego/wego_prac/build/limo_ros2_application/build/lib/limo_ros2_application/limo_control.py -> /home/wego/wego_prac/install/limo_ros2_application/lib/python3.10/site-packages/limo_ros2_application
[2.849s] copying /home/wego/wego_prac/build/limo_ros2_application/build/lib/limo_ros2_application/rotate_absolue.py -> /home/wego/wego_prac/install/limo_ros2_application/lib/python3.10/site-packages/limo_ros2_application
[2.849s] copying /home/wego/wego_prac/build/limo_ros2_application/build/lib/limo_ros2_application/detect_hump.py -> /home/wego/wego_prac/install/limo_ros2_application/lib/python3.10/site-packages/limo_ros2_application
[2.849s] copying /home/wego/wego_prac/build/limo_ros2_application/build/lib/limo_ros2_application/detect_object.py -> /home/wego/wego_prac/install/limo_ros2_application/lib/python3.10/site-packages/limo_ros2_application
[2.849s] copying /home/wego/wego_prac/build/limo_ros2_application/build/lib/limo_ros2_application/limo_e_stop.py -> /home/wego/wego_prac/install/limo_ros2_application/lib/python3.10/site-packages/limo_ros2_application
[2.850s] copying /home/wego/wego_prac/build/limo_ros2_application/build/lib/limo_ros2_application/dl_detect_line.py -> /home/wego/wego_prac/install/limo_ros2_application/lib/python3.10/site-packages/limo_ros2_application
[2.851s] byte-compiling /home/wego/wego_prac/install/limo_ros2_application/lib/python3.10/site-packages/limo_ros2_application/drive_through_pose.py to drive_through_pose.cpython-310.pyc
[2.853s] byte-compiling /home/wego/wego_prac/install/limo_ros2_application/lib/python3.10/site-packages/limo_ros2_application/nav_utils.py to nav_utils.cpython-310.pyc
[2.854s] byte-compiling /home/wego/wego_prac/install/limo_ros2_application/lib/python3.10/site-packages/limo_ros2_application/move_to_pose.py to move_to_pose.cpython-310.pyc
[2.857s] byte-compiling /home/wego/wego_prac/install/limo_ros2_application/lib/python3.10/site-packages/limo_ros2_application/lets_take_a_picture.py to lets_take_a_picture.cpython-310.pyc
[2.858s] byte-compiling /home/wego/wego_prac/install/limo_ros2_application/lib/python3.10/site-packages/limo_ros2_application/__init__.py to __init__.cpython-310.pyc
[2.858s] byte-compiling /home/wego/wego_prac/install/limo_ros2_application/lib/python3.10/site-packages/limo_ros2_application/patrol_limo.py to patrol_limo.cpython-310.pyc
[2.859s] byte-compiling /home/wego/wego_prac/install/limo_ros2_application/lib/python3.10/site-packages/limo_ros2_application/detect_line.py to detect_line.cpython-310.pyc
[2.861s] byte-compiling /home/wego/wego_prac/install/limo_ros2_application/lib/python3.10/site-packages/limo_ros2_application/move_limo.py to move_limo.cpython-310.pyc
[2.862s] byte-compiling /home/wego/wego_prac/install/limo_ros2_application/lib/python3.10/site-packages/limo_ros2_application/limo_control.py to limo_control.cpython-310.pyc
[2.863s] byte-compiling /home/wego/wego_prac/install/limo_ros2_application/lib/python3.10/site-packages/limo_ros2_application/rotate_absolue.py to rotate_absolue.cpython-310.pyc
[2.865s] byte-compiling /home/wego/wego_prac/install/limo_ros2_application/lib/python3.10/site-packages/limo_ros2_application/detect_hump.py to detect_hump.cpython-310.pyc
[2.865s] byte-compiling /home/wego/wego_prac/install/limo_ros2_application/lib/python3.10/site-packages/limo_ros2_application/detect_object.py to detect_object.cpython-310.pyc
[2.867s] byte-compiling /home/wego/wego_prac/install/limo_ros2_application/lib/python3.10/site-packages/limo_ros2_application/limo_e_stop.py to limo_e_stop.cpython-310.pyc
[2.868s] byte-compiling /home/wego/wego_prac/install/limo_ros2_application/lib/python3.10/site-packages/limo_ros2_application/dl_detect_line.py to dl_detect_line.cpython-310.pyc
[2.870s] running install_data
[2.870s] copying package.xml -> /home/wego/wego_prac/install/limo_ros2_application/share/limo_ros2_application
[2.870s] creating /home/wego/wego_prac/install/limo_ros2_application/share/limo_ros2_application/launch
[2.871s] copying launch/move_to_pose_launch.py -> /home/wego/wego_prac/install/limo_ros2_application/share/limo_ros2_application/launch
[2.871s] copying launch/track_application_launch.py -> /home/wego/wego_prac/install/limo_ros2_application/share/limo_ros2_application/launch
[2.871s] creating /home/wego/wego_prac/install/limo_ros2_application/share/limo_ros2_application/params
[2.872s] copying params/detect_line.yaml -> /home/wego/wego_prac/install/limo_ros2_application/share/limo_ros2_application/params
[2.872s] copying params/move_to_pose.yaml -> /home/wego/wego_prac/install/limo_ros2_application/share/limo_ros2_application/params
[2.873s] copying params/limo_control.yaml -> /home/wego/wego_prac/install/limo_ros2_application/share/limo_ros2_application/params
[2.873s] creating /home/wego/wego_prac/install/limo_ros2_application/share/limo_ros2_application/weight
[2.873s] copying weight/dl_drive.h5 -> /home/wego/wego_prac/install/limo_ros2_application/share/limo_ros2_application/weight
[2.928s] creating /home/wego/wego_prac/install/limo_ros2_application/share/limo_ros2_application/rviz
[2.929s] copying rviz/move_to_pose.rviz -> /home/wego/wego_prac/install/limo_ros2_application/share/limo_ros2_application/rviz
[2.929s] running install_egg_info
[2.975s] Copying ../../build/limo_ros2_application/limo_ros2_application.egg-info to /home/wego/wego_prac/install/limo_ros2_application/lib/python3.10/site-packages/limo_ros2_application-0.0.0-py3.10.egg-info
[2.977s] running install_scripts
[3.329s] Installing detect_line script to /home/wego/wego_prac/install/limo_ros2_application/lib/limo_ros2_application
[3.329s] Installing detect_object script to /home/wego/wego_prac/install/limo_ros2_application/lib/limo_ros2_application
[3.330s] Installing dl_detect_line script to /home/wego/wego_prac/install/limo_ros2_application/lib/limo_ros2_application
[3.330s] Installing drive_through_pose script to /home/wego/wego_prac/install/limo_ros2_application/lib/limo_ros2_application
[3.330s] Installing lets_take_a_picture script to /home/wego/wego_prac/install/limo_ros2_application/lib/limo_ros2_application
[3.331s] Installing limo_control script to /home/wego/wego_prac/install/limo_ros2_application/lib/limo_ros2_application
[3.331s] Installing limo_e_stop script to /home/wego/wego_prac/install/limo_ros2_application/lib/limo_ros2_application
[3.331s] Installing move_limo script to /home/wego/wego_prac/install/limo_ros2_application/lib/limo_ros2_application
[3.332s] Installing move_to_pose script to /home/wego/wego_prac/install/limo_ros2_application/lib/limo_ros2_application
[3.332s] Installing patrol_limo script to /home/wego/wego_prac/install/limo_ros2_application/lib/limo_ros2_application
[3.332s] Installing rotate_absolute script to /home/wego/wego_prac/install/limo_ros2_application/lib/limo_ros2_application
[3.333s] writing list of installed files to '/home/wego/wego_prac/build/limo_ros2_application/install.log'
[3.412s] Invoked command in '/home/wego/wego_prac/src/limo_ros2_application' returned '0': PYTHONPATH=/home/wego/wego_prac/build/limo_ros2_application/prefix_override:/usr/lib/python3/dist-packages/colcon_core/task/python/colcon_distutils_commands:/home/wego/wego_prac/install/limo_ros2_application/lib/python3.10/site-packages:${PYTHONPATH} /usr/bin/python3 -W ignore:setup.py install is deprecated -W ignore:easy_install command is deprecated setup.py egg_info --egg-base ../../build/limo_ros2_application build --build-base /home/wego/wego_prac/build/limo_ros2_application/build install --record /home/wego/wego_prac/build/limo_ros2_application/install.log --single-version-externally-managed install_data
