[2.128s] Invoking command in '/home/wego/wego_prac/wego_ez': PYTHONPATH=/home/wego/wego_prac/build/wego_ez/prefix_override:/usr/lib/python3/dist-packages/colcon_core/task/python/colcon_distutils_commands:/home/wego/wego_prac/install/wego_ez/lib/python3.10/site-packages:${PYTHONPATH} /usr/bin/python3 -W ignore:setup.py install is deprecated -W ignore:easy_install command is deprecated setup.py egg_info --egg-base ../build/wego_ez build --build-base /home/wego/wego_prac/build/wego_ez/build install --record /home/wego/wego_prac/build/wego_ez/install.log --single-version-externally-managed install_data
[2.772s] running egg_info
[2.773s] creating ../build/wego_ez/wego_ez.egg-info
[2.819s] writing ../build/wego_ez/wego_ez.egg-info/PKG-INFO
[2.820s] writing dependency_links to ../build/wego_ez/wego_ez.egg-info/dependency_links.txt
[2.820s] writing entry points to ../build/wego_ez/wego_ez.egg-info/entry_points.txt
[2.821s] writing requirements to ../build/wego_ez/wego_ez.egg-info/requires.txt
[2.821s] writing top-level names to ../build/wego_ez/wego_ez.egg-info/top_level.txt
[2.821s] writing manifest file '../build/wego_ez/wego_ez.egg-info/SOURCES.txt'
[2.908s] reading manifest file '../build/wego_ez/wego_ez.egg-info/SOURCES.txt'
[2.909s] writing manifest file '../build/wego_ez/wego_ez.egg-info/SOURCES.txt'
[2.910s] running build
[2.910s] running build_py
[2.910s] creating /home/wego/wego_prac/build/wego_ez/build
[2.910s] creating /home/wego/wego_prac/build/wego_ez/build/lib
[2.910s] copying lidar.py -> /home/wego/wego_prac/build/wego_ez/build/lib
[2.911s] copying main.py -> /home/wego/wego_prac/build/wego_ez/build/lib
[2.911s] copying motor.py -> /home/wego/wego_prac/build/wego_ez/build/lib
[2.911s] running install
[2.922s] running install_lib
[2.964s] copying /home/wego/wego_prac/build/wego_ez/build/lib/main.py -> /home/wego/wego_prac/install/wego_ez/lib/python3.10/site-packages
[2.964s] copying /home/wego/wego_prac/build/wego_ez/build/lib/motor.py -> /home/wego/wego_prac/install/wego_ez/lib/python3.10/site-packages
[2.964s] copying /home/wego/wego_prac/build/wego_ez/build/lib/lidar.py -> /home/wego/wego_prac/install/wego_ez/lib/python3.10/site-packages
[2.966s] byte-compiling /home/wego/wego_prac/install/wego_ez/lib/python3.10/site-packages/main.py to main.cpython-310.pyc
[2.967s] byte-compiling /home/wego/wego_prac/install/wego_ez/lib/python3.10/site-packages/motor.py to motor.cpython-310.pyc
[2.967s] byte-compiling /home/wego/wego_prac/install/wego_ez/lib/python3.10/site-packages/lidar.py to lidar.cpython-310.pyc
[2.969s] running install_data
[2.969s] copying package.xml -> /home/wego/wego_prac/install/wego_ez/share/wego_ez
[2.969s] creating /home/wego/wego_prac/install/wego_ez/share/wego_ez/launch
[2.970s] copying wego_ez_launch.py -> /home/wego/wego_prac/install/wego_ez/share/wego_ez/launch
[2.970s] running install_egg_info
[3.015s] Copying ../build/wego_ez/wego_ez.egg-info to /home/wego/wego_prac/install/wego_ez/lib/python3.10/site-packages/wego_ez-0.0.0-py3.10.egg-info
[3.017s] running install_scripts
[3.360s] Installing distance_calculator script to /home/wego/wego_prac/install/wego_ez/bin
[3.361s] Installing drive_limo script to /home/wego/wego_prac/install/wego_ez/bin
[3.361s] Installing safety_decision script to /home/wego/wego_prac/install/wego_ez/bin
[3.362s] writing list of installed files to '/home/wego/wego_prac/build/wego_ez/install.log'
[3.441s] Invoked command in '/home/wego/wego_prac/wego_ez' returned '0': PYTHONPATH=/home/wego/wego_prac/build/wego_ez/prefix_override:/usr/lib/python3/dist-packages/colcon_core/task/python/colcon_distutils_commands:/home/wego/wego_prac/install/wego_ez/lib/python3.10/site-packages:${PYTHONPATH} /usr/bin/python3 -W ignore:setup.py install is deprecated -W ignore:easy_install command is deprecated setup.py egg_info --egg-base ../build/wego_ez build --build-base /home/wego/wego_prac/build/wego_ez/build install --record /home/wego/wego_prac/build/wego_ez/install.log --single-version-externally-managed install_data
