[1.987s] Invoking command in '/home/wego/wego_prac/src/wego_ez': PYTHONPATH=/home/wego/wego_prac/build/wego_ez/prefix_override:/usr/lib/python3/dist-packages/colcon_core/task/python/colcon_distutils_commands:/home/wego/wego_prac/install/wego_ez/lib/python3.10/site-packages:${PYTHONPATH} /usr/bin/python3 -W ignore:setup.py install is deprecated -W ignore:easy_install command is deprecated setup.py egg_info --egg-base ../../build/wego_ez build --build-base /home/wego/wego_prac/build/wego_ez/build install --record /home/wego/wego_prac/build/wego_ez/install.log --single-version-externally-managed install_data
[2.622s] running egg_info
[2.667s] writing ../../build/wego_ez/wego_ez.egg-info/PKG-INFO
[2.668s] writing dependency_links to ../../build/wego_ez/wego_ez.egg-info/dependency_links.txt
[2.669s] writing entry points to ../../build/wego_ez/wego_ez.egg-info/entry_points.txt
[2.669s] writing requirements to ../../build/wego_ez/wego_ez.egg-info/requires.txt
[2.669s] writing top-level names to ../../build/wego_ez/wego_ez.egg-info/top_level.txt
[2.757s] reading manifest file '../../build/wego_ez/wego_ez.egg-info/SOURCES.txt'
[2.759s] writing manifest file '../../build/wego_ez/wego_ez.egg-info/SOURCES.txt'
[2.760s] running build
[2.760s] running build_py
[2.760s] copying lidar.py -> /home/wego/wego_prac/build/wego_ez/build/lib
[2.761s] copying main.py -> /home/wego/wego_prac/build/wego_ez/build/lib
[2.761s] copying motor.py -> /home/wego/wego_prac/build/wego_ez/build/lib
[2.761s] running install
[2.771s] running install_lib
[2.817s] running install_data
[2.817s] copying package.xml -> /home/wego/wego_prac/install/wego_ez/share/wego_ez
[2.817s] copying wego_ez_launch.py -> /home/wego/wego_prac/install/wego_ez/share/wego_ez/launch
[2.817s] running install_egg_info
[2.866s] removing '/home/wego/wego_prac/install/wego_ez/lib/python3.10/site-packages/wego_ez-0.0.0-py3.10.egg-info' (and everything under it)
[2.866s] Copying ../../build/wego_ez/wego_ez.egg-info to /home/wego/wego_prac/install/wego_ez/lib/python3.10/site-packages/wego_ez-0.0.0-py3.10.egg-info
[2.868s] running install_scripts
[3.219s] Installing distance_calculator script to /home/wego/wego_prac/install/wego_ez/bin
[3.220s] Installing drive_limo script to /home/wego/wego_prac/install/wego_ez/bin
[3.220s] Installing safety_decision script to /home/wego/wego_prac/install/wego_ez/bin
[3.221s] writing list of installed files to '/home/wego/wego_prac/build/wego_ez/install.log'
[3.304s] Invoked command in '/home/wego/wego_prac/src/wego_ez' returned '0': PYTHONPATH=/home/wego/wego_prac/build/wego_ez/prefix_override:/usr/lib/python3/dist-packages/colcon_core/task/python/colcon_distutils_commands:/home/wego/wego_prac/install/wego_ez/lib/python3.10/site-packages:${PYTHONPATH} /usr/bin/python3 -W ignore:setup.py install is deprecated -W ignore:easy_install command is deprecated setup.py egg_info --egg-base ../../build/wego_ez build --build-base /home/wego/wego_prac/build/wego_ez/build install --record /home/wego/wego_prac/build/wego_ez/install.log --single-version-externally-managed install_data
