/home/wego/wego_prac/install/limo_ros2_application/lib/python3.10/site-packages/limo_ros2_application/drive_through_pose.py
/home/wego/wego_prac/install/limo_ros2_application/lib/python3.10/site-packages/limo_ros2_application/nav_utils.py
/home/wego/wego_prac/install/limo_ros2_application/lib/python3.10/site-packages/limo_ros2_application/move_to_pose.py
/home/wego/wego_prac/install/limo_ros2_application/lib/python3.10/site-packages/limo_ros2_application/lets_take_a_picture.py
/home/wego/wego_prac/install/limo_ros2_application/lib/python3.10/site-packages/limo_ros2_application/__init__.py
/home/wego/wego_prac/install/limo_ros2_application/lib/python3.10/site-packages/limo_ros2_application/patrol_limo.py
/home/wego/wego_prac/install/limo_ros2_application/lib/python3.10/site-packages/limo_ros2_application/detect_line.py
/home/wego/wego_prac/install/limo_ros2_application/lib/python3.10/site-packages/limo_ros2_application/move_limo.py
/home/wego/wego_prac/install/limo_ros2_application/lib/python3.10/site-packages/limo_ros2_application/limo_control.py
/home/wego/wego_prac/install/limo_ros2_application/lib/python3.10/site-packages/limo_ros2_application/rotate_absolue.py
/home/wego/wego_prac/install/limo_ros2_application/lib/python3.10/site-packages/limo_ros2_application/detect_hump.py
/home/wego/wego_prac/install/limo_ros2_application/lib/python3.10/site-packages/limo_ros2_application/detect_object.py
/home/wego/wego_prac/install/limo_ros2_application/lib/python3.10/site-packages/limo_ros2_application/limo_e_stop.py
/home/wego/wego_prac/install/limo_ros2_application/lib/python3.10/site-packages/limo_ros2_application/dl_detect_line.py
/home/wego/wego_prac/install/limo_ros2_application/lib/python3.10/site-packages/limo_ros2_application/__pycache__/drive_through_pose.cpython-310.pyc
/home/wego/wego_prac/install/limo_ros2_application/lib/python3.10/site-packages/limo_ros2_application/__pycache__/nav_utils.cpython-310.pyc
/home/wego/wego_prac/install/limo_ros2_application/lib/python3.10/site-packages/limo_ros2_application/__pycache__/move_to_pose.cpython-310.pyc
/home/wego/wego_prac/install/limo_ros2_application/lib/python3.10/site-packages/limo_ros2_application/__pycache__/lets_take_a_picture.cpython-310.pyc
/home/wego/wego_prac/install/limo_ros2_application/lib/python3.10/site-packages/limo_ros2_application/__pycache__/__init__.cpython-310.pyc
/home/wego/wego_prac/install/limo_ros2_application/lib/python3.10/site-packages/limo_ros2_application/__pycache__/patrol_limo.cpython-310.pyc
/home/wego/wego_prac/install/limo_ros2_application/lib/python3.10/site-packages/limo_ros2_application/__pycache__/detect_line.cpython-310.pyc
/home/wego/wego_prac/install/limo_ros2_application/lib/python3.10/site-packages/limo_ros2_application/__pycache__/move_limo.cpython-310.pyc
/home/wego/wego_prac/install/limo_ros2_application/lib/python3.10/site-packages/limo_ros2_application/__pycache__/limo_control.cpython-310.pyc
/home/wego/wego_prac/install/limo_ros2_application/lib/python3.10/site-packages/limo_ros2_application/__pycache__/rotate_absolue.cpython-310.pyc
/home/wego/wego_prac/install/limo_ros2_application/lib/python3.10/site-packages/limo_ros2_application/__pycache__/detect_hump.cpython-310.pyc
/home/wego/wego_prac/install/limo_ros2_application/lib/python3.10/site-packages/limo_ros2_application/__pycache__/detect_object.cpython-310.pyc
/home/wego/wego_prac/install/limo_ros2_application/lib/python3.10/site-packages/limo_ros2_application/__pycache__/limo_e_stop.cpython-310.pyc
/home/wego/wego_prac/install/limo_ros2_application/lib/python3.10/site-packages/limo_ros2_application/__pycache__/dl_detect_line.cpython-310.pyc
/home/wego/wego_prac/install/limo_ros2_application/share/limo_ros2_application/package.xml
/home/wego/wego_prac/install/limo_ros2_application/share/limo_ros2_application/launch/move_to_pose_launch.py
/home/wego/wego_prac/install/limo_ros2_application/share/limo_ros2_application/launch/track_application_launch.py
/home/wego/wego_prac/install/limo_ros2_application/share/limo_ros2_application/params/detect_line.yaml
/home/wego/wego_prac/install/limo_ros2_application/share/limo_ros2_application/params/move_to_pose.yaml
/home/wego/wego_prac/install/limo_ros2_application/share/limo_ros2_application/params/limo_control.yaml
/home/wego/wego_prac/install/limo_ros2_application/share/limo_ros2_application/weight/dl_drive.h5
/home/wego/wego_prac/install/limo_ros2_application/share/limo_ros2_application/rviz/move_to_pose.rviz
/home/wego/wego_prac/install/limo_ros2_application/lib/python3.10/site-packages/limo_ros2_application-0.0.0-py3.10.egg-info/requires.txt
/home/wego/wego_prac/install/limo_ros2_application/lib/python3.10/site-packages/limo_ros2_application-0.0.0-py3.10.egg-info/SOURCES.txt
/home/wego/wego_prac/install/limo_ros2_application/lib/python3.10/site-packages/limo_ros2_application-0.0.0-py3.10.egg-info/entry_points.txt
/home/wego/wego_prac/install/limo_ros2_application/lib/python3.10/site-packages/limo_ros2_application-0.0.0-py3.10.egg-info/PKG-INFO
/home/wego/wego_prac/install/limo_ros2_application/lib/python3.10/site-packages/limo_ros2_application-0.0.0-py3.10.egg-info/top_level.txt
/home/wego/wego_prac/install/limo_ros2_application/lib/python3.10/site-packages/limo_ros2_application-0.0.0-py3.10.egg-info/dependency_links.txt
/home/wego/wego_prac/install/limo_ros2_application/lib/python3.10/site-packages/limo_ros2_application-0.0.0-py3.10.egg-info/zip-safe
/home/wego/wego_prac/install/limo_ros2_application/lib/limo_ros2_application/detect_line
/home/wego/wego_prac/install/limo_ros2_application/lib/limo_ros2_application/detect_object
/home/wego/wego_prac/install/limo_ros2_application/lib/limo_ros2_application/dl_detect_line
/home/wego/wego_prac/install/limo_ros2_application/lib/limo_ros2_application/drive_through_pose
/home/wego/wego_prac/install/limo_ros2_application/lib/limo_ros2_application/lets_take_a_picture
/home/wego/wego_prac/install/limo_ros2_application/lib/limo_ros2_application/limo_control
/home/wego/wego_prac/install/limo_ros2_application/lib/limo_ros2_application/limo_e_stop
/home/wego/wego_prac/install/limo_ros2_application/lib/limo_ros2_application/move_limo
/home/wego/wego_prac/install/limo_ros2_application/lib/limo_ros2_application/move_to_pose
/home/wego/wego_prac/install/limo_ros2_application/lib/limo_ros2_application/patrol_limo
/home/wego/wego_prac/install/limo_ros2_application/lib/limo_ros2_application/rotate_absolute
